<?xml version="1.0" encoding="UTF-8"?>
<!-- Generated by org.testng.reporters.JUnitReportReporter -->
<testsuite skipped="0" hostname="MAHABOOB" name="com.actitime.test.CreateCustomer" tests="1" failures="0" timestamp="14 Sep 2020 08:24:52 GMT" time="0.019" errors="0">
  <testcase name="testCreateCustomer" time="0.019" classname="com.actitime.test.CreateCustomer"/>
</testsuite> <!-- com.actitime.test.CreateCustomer -->
