<?xml version="1.0" encoding="UTF-8"?>
<!-- Generated by org.testng.reporters.JUnitReportReporter -->
<testsuite skipped="0" hostname="MAHABOOB" name="com.actitime.test.ModifyCustomer" tests="1" failures="0" timestamp="14 Sep 2020 08:38:56 GMT" time="0.016" errors="0">
  <testcase name="testmodifycustomer" time="0.016" classname="com.actitime.test.ModifyCustomer"/>
</testsuite> <!-- com.actitime.test.ModifyCustomer -->
