<?xml version="1.0" encoding="UTF-8"?>
<!-- Generated by org.testng.reporters.JUnitReportReporter -->
<testsuite skipped="0" hostname="DESKTOP-UV3250H" name="com.actitime.testscript.CreateCustomer" tests="1" failures="0" timestamp="2020-09-08T19:13:42 IST" time="29.468" errors="0">
  <testcase name="testCreateCustomer" time="29.468" classname="com.actitime.testscript.CreateCustomer"/>
  <system-out/>
</testsuite> <!-- com.actitime.testscript.CreateCustomer -->
